<?xml version="1.0" encoding="UTF-8"?>
<testng-results ignored="0" total="1" passed="1" failed="0" skipped="0">
  <reporter-output>
  </reporter-output>
  <suite started-at="2024-11-17T23:12:15 IST" name="Default suite" finished-at="2024-11-17T23:12:15 IST" duration-ms="60">
    <groups>
    </groups>
    <test started-at="2024-11-17T23:12:15 IST" name="Default test" finished-at="2024-11-17T23:12:15 IST" duration-ms="60">
      <class name="sample.Hello">
        <test-method signature="sample()[pri:0, instance:sample.Hello@1cbb87f3]" started-at="2024-11-17T23:12:15 IST" name="sample" finished-at="2024-11-17T23:12:15 IST" duration-ms="14" status="PASS">
          <reporter-output>
          </reporter-output>
        </test-method> <!-- sample -->
      </class> <!-- sample.Hello -->
    </test> <!-- Default test -->
  </suite> <!-- Default suite -->
</testng-results>
